<?xml version="1.0" encoding="UTF-8"?>
<testsuite name="com.kodilla.stream.portfolio.BoardTestSuite" tests="5" skipped="0" failures="0" errors="0" timestamp="2019-05-01T13:41:49" hostname="xMarcel99" time="0.067">
  <properties/>
  <testcase name="testAddTaskList" classname="com.kodilla.stream.portfolio.BoardTestSuite" time="0.026"/>
  <testcase name="testAddTaskListAverageWorkingOnTask" classname="com.kodilla.stream.portfolio.BoardTestSuite" time="0.033"/>
  <testcase name="testAddTaskListFindUsersTasks" classname="com.kodilla.stream.portfolio.BoardTestSuite" time="0.001"/>
  <testcase name="testAddTaskListFindLongTasks" classname="com.kodilla.stream.portfolio.BoardTestSuite" time="0.005"/>
  <testcase name="testAddTaskListFindOutdatedTasks" classname="com.kodilla.stream.portfolio.BoardTestSuite" time="0.001"/>
  <system-out><![CDATA[]]></system-out>
  <system-err><![CDATA[]]></system-err>
</testsuite>
