<?xml version="1.0" encoding="UTF-8"?>
<testsuite name="com.kodilla.stream.array.ArrayOperationsTestSuite" tests="1" skipped="0" failures="0" errors="0"
           timestamp="2019-05-01T13:41:50" hostname="xMarcel99" time="0.004">
    <properties/>
    <testcase name="testGetAverage" classname="com.kodilla.stream.array.ArrayOperationsTestSuite" time="0.004"/>
    <system-out><![CDATA[Average is: 0.0
]]></system-out>
    <system-err><![CDATA[]]></system-err>
</testsuite>
