<?xml version="1.0" encoding="UTF-8"?>
<testsuite name="com.kodilla.stream.world.WordTestSuite" tests="1" skipped="0" failures="0" errors="0"
           timestamp="2019-05-01T13:41:50" hostname="xMarcel99" time="0.003">
    <properties/>
    <testcase name="testgetPeopleQuantity" classname="com.kodilla.stream.world.WordTestSuite" time="0.003"/>
    <system-out><![CDATA[]]></system-out>
    <system-err><![CDATA[]]></system-err>
</testsuite>
