<?xml version="1.0" encoding="UTF-8"?>
<testsuite name="com.kodilla.spring.calculator.CalculatorTestSuite" tests="1" skipped="0" failures="0" errors="0"
           timestamp="2019-05-12T22:27:06" hostname="xMarcel99" time="0.088">
    <properties/>
    <testcase name="testCalculations" classname="com.kodilla.spring.calculator.CalculatorTestSuite" time="0.088"/>
    <system-out><![CDATA[2019-05-13 00:27:06.180  INFO 4564 --- [    Test worker] .b.t.c.SpringBootTestContextBootstrapper : Neither @ContextConfiguration nor @ContextHierarchy found for test class [com.kodilla.spring.calculator.CalculatorTestSuite], using SpringBootContextLoader
2019-05-13 00:27:06.181  INFO 4564 --- [    Test worker] o.s.t.c.support.AbstractContextLoader    : Could not detect default resource locations for test class [com.kodilla.spring.calculator.CalculatorTestSuite]: no resource found for suffixes {-context.xml, Context.groovy}.
2019-05-13 00:27:06.181  INFO 4564 --- [    Test worker] t.c.s.AnnotationConfigContextLoaderUtils : Could not detect default configuration classes for test class [com.kodilla.spring.calculator.CalculatorTestSuite]: CalculatorTestSuite does not declare any static, non-private, non-final, nested classes annotated with @Configuration.
2019-05-13 00:27:06.190  INFO 4564 --- [    Test worker] .b.t.c.SpringBootTestContextBootstrapper : Found @SpringBootConfiguration com.kodilla.spring.SpringRunner for test class com.kodilla.spring.calculator.CalculatorTestSuite
2019-05-13 00:27:06.196  INFO 4564 --- [    Test worker] .b.t.c.SpringBootTestContextBootstrapper : Loaded default TestExecutionListener class names from location [META-INF/spring.factories]: [org.springframework.boot.test.autoconfigure.restdocs.RestDocsTestExecutionListener, org.springframework.boot.test.autoconfigure.web.client.MockRestServiceServerResetTestExecutionListener, org.springframework.boot.test.autoconfigure.web.servlet.MockMvcPrintOnlyOnFailureTestExecutionListener, org.springframework.boot.test.autoconfigure.web.servlet.WebDriverTestExecutionListener, org.springframework.boot.test.mock.mockito.MockitoTestExecutionListener, org.springframework.boot.test.mock.mockito.ResetMocksTestExecutionListener, org.springframework.test.context.web.ServletTestExecutionListener, org.springframework.test.context.support.DirtiesContextBeforeModesTestExecutionListener, org.springframework.test.context.support.DependencyInjectionTestExecutionListener, org.springframework.test.context.support.DirtiesContextTestExecutionListener, org.springframework.test.context.transaction.TransactionalTestExecutionListener, org.springframework.test.context.jdbc.SqlScriptsTestExecutionListener]
2019-05-13 00:27:06.197  INFO 4564 --- [    Test worker] .b.t.c.SpringBootTestContextBootstrapper : Using TestExecutionListeners: [org.springframework.test.context.support.DirtiesContextBeforeModesTestExecutionListener@609da2c3, org.springframework.boot.test.mock.mockito.MockitoTestExecutionListener@6eadb1ac, org.springframework.boot.test.autoconfigure.SpringBootDependencyInjectionTestExecutionListener@52f026de, org.springframework.test.context.support.DirtiesContextTestExecutionListener@62786f7f, org.springframework.boot.test.autoconfigure.restdocs.RestDocsTestExecutionListener@6ffe5249, org.springframework.boot.test.autoconfigure.web.client.MockRestServiceServerResetTestExecutionListener@6c5daecb, org.springframework.boot.test.autoconfigure.web.servlet.MockMvcPrintOnlyOnFailureTestExecutionListener@3fc8a348, org.springframework.boot.test.autoconfigure.web.servlet.WebDriverTestExecutionListener@1e6a2059, org.springframework.boot.test.mock.mockito.ResetMocksTestExecutionListener@39b55c7]
Value: 3.0
Value: -1.0
Value: 2.0
Value: 0.5
]]></system-out>
    <system-err><![CDATA[]]></system-err>
</testsuite>
