<?xml version="1.0" encoding="UTF-8"?>
<testsuite name="com.kodilla.spring.reader.ReaderTestSuite" tests="2" skipped="0" failures="0" errors="0"
           timestamp="2019-05-12T22:27:05" hostname="xMarcel99" time="0.025">
    <properties/>
    <testcase name="testRead" classname="com.kodilla.spring.reader.ReaderTestSuite" time="0.013"/>
    <testcase name="testConditional" classname="com.kodilla.spring.reader.ReaderTestSuite" time="0.011"/>
    <system-out><![CDATA[Reading: The book number one
Bean book2 was found in the container: true
]]></system-out>
    <system-err><![CDATA[]]></system-err>
</testsuite>
