<?xml version="1.0" encoding="UTF-8"?>
<testsuite name="com.kodilla.spring.SpringRunnerTestSuite" tests="4" skipped="0" failures="0" errors="0"
           timestamp="2019-05-12T22:27:05" hostname="xMarcel99" time="0.411">
    <properties/>
    <testcase name="testCircleLoadedIntoContainer" classname="com.kodilla.spring.SpringRunnerTestSuite" time="0.109"/>
    <testcase name="testShapeLoadedIntoContainer" classname="com.kodilla.spring.SpringRunnerTestSuite" time="0.1"/>
    <testcase name="testSquareLoadedIntoContainer" classname="com.kodilla.spring.SpringRunnerTestSuite" time="0.1"/>
    <testcase name="testTriangleLoadedIntoContainer" classname="com.kodilla.spring.SpringRunnerTestSuite" time="0.099"/>
    <system-out><![CDATA[2019-05-13 00:27:05.756  INFO 4564 --- [    Test worker] .b.t.c.SpringBootTestContextBootstrapper : Neither @ContextConfiguration nor @ContextHierarchy found for test class [com.kodilla.spring.SpringRunnerTestSuite], using SpringBootContextLoader
2019-05-13 00:27:05.757  INFO 4564 --- [    Test worker] o.s.t.c.support.AbstractContextLoader    : Could not detect default resource locations for test class [com.kodilla.spring.SpringRunnerTestSuite]: no resource found for suffixes {-context.xml, Context.groovy}.
2019-05-13 00:27:05.757  INFO 4564 --- [    Test worker] t.c.s.AnnotationConfigContextLoaderUtils : Could not detect default configuration classes for test class [com.kodilla.spring.SpringRunnerTestSuite]: SpringRunnerTestSuite does not declare any static, non-private, non-final, nested classes annotated with @Configuration.
2019-05-13 00:27:05.761  INFO 4564 --- [    Test worker] .b.t.c.SpringBootTestContextBootstrapper : Found @SpringBootConfiguration com.kodilla.spring.SpringRunner for test class com.kodilla.spring.SpringRunnerTestSuite
2019-05-13 00:27:05.763  INFO 4564 --- [    Test worker] .b.t.c.SpringBootTestContextBootstrapper : Loaded default TestExecutionListener class names from location [META-INF/spring.factories]: [org.springframework.boot.test.autoconfigure.restdocs.RestDocsTestExecutionListener, org.springframework.boot.test.autoconfigure.web.client.MockRestServiceServerResetTestExecutionListener, org.springframework.boot.test.autoconfigure.web.servlet.MockMvcPrintOnlyOnFailureTestExecutionListener, org.springframework.boot.test.autoconfigure.web.servlet.WebDriverTestExecutionListener, org.springframework.boot.test.mock.mockito.MockitoTestExecutionListener, org.springframework.boot.test.mock.mockito.ResetMocksTestExecutionListener, org.springframework.test.context.web.ServletTestExecutionListener, org.springframework.test.context.support.DirtiesContextBeforeModesTestExecutionListener, org.springframework.test.context.support.DependencyInjectionTestExecutionListener, org.springframework.test.context.support.DirtiesContextTestExecutionListener, org.springframework.test.context.transaction.TransactionalTestExecutionListener, org.springframework.test.context.jdbc.SqlScriptsTestExecutionListener]
2019-05-13 00:27:05.765  INFO 4564 --- [    Test worker] .b.t.c.SpringBootTestContextBootstrapper : Using TestExecutionListeners: [org.springframework.test.context.support.DirtiesContextBeforeModesTestExecutionListener@48252af4, org.springframework.boot.test.mock.mockito.MockitoTestExecutionListener@a4f60ce, org.springframework.boot.test.autoconfigure.SpringBootDependencyInjectionTestExecutionListener@1dc8877a, org.springframework.test.context.support.DirtiesContextTestExecutionListener@4df423f5, org.springframework.boot.test.autoconfigure.restdocs.RestDocsTestExecutionListener@2c67d235, org.springframework.boot.test.autoconfigure.web.client.MockRestServiceServerResetTestExecutionListener@5ddf9e67, org.springframework.boot.test.autoconfigure.web.servlet.MockMvcPrintOnlyOnFailureTestExecutionListener@47531f1, org.springframework.boot.test.autoconfigure.web.servlet.WebDriverTestExecutionListener@68725101, org.springframework.boot.test.mock.mockito.ResetMocksTestExecutionListener@7a16c040]
Chosen shape says: This is a square.
]]></system-out>
    <system-err><![CDATA[]]></system-err>
</testsuite>
