<?xml version="1.0" encoding="UTF-8"?>
<testsuite name="com.kodilla.testing.forum.statistics.ForumStatisticsTestSuites" tests="3" skipped="0" failures="0" errors="0" timestamp="2019-05-01T13:41:51" hostname="xMarcel99" time="0.188">
  <properties/>
  <testcase name="testCalculateWhenCommentsCountBiggerThanPostCountAndUsersCountZero" classname="com.kodilla.testing.forum.statistics.ForumStatisticsTestSuites" time="0.187"/>
  <testcase name="testCalculateWhenPostCountZeroAndCommentCountZero" classname="com.kodilla.testing.forum.statistics.ForumStatisticsTestSuites" time="0.0"/>
  <testcase name="testCalculateWhenCommentCountSmallerThenPostCountAndUsersCount100" classname="com.kodilla.testing.forum.statistics.ForumStatisticsTestSuites" time="0.001"/>
  <system-out><![CDATA[]]></system-out>
  <system-err><![CDATA[]]></system-err>
</testsuite>
