<?xml version="1.0" encoding="UTF-8"?>
<testsuite name="com.kodilla.testing.loop.TestLoopAndConditionalBreakpoints" tests="1" skipped="1" failures="0" errors="0" timestamp="2019-09-03T20:13:31" hostname="xMarcel99" time="4619.32">
  <properties/>
  <testcase name="testLoop" classname="com.kodilla.testing.loop.TestLoopAndConditionalBreakpoints" time="4619.32">
    <skipped/>
  </testcase>
  <system-out><![CDATA[[0]Sum Equals:0
[1]Sum Equals:1
[2]Sum Equals:3
[3]Sum Equals:6
[4]Sum Equals:10
[5]Sum Equals:15
[6]Sum Equals:21
[7]Sum Equals:28
[8]Sum Equals:36
[9]Sum Equals:45
[10]Sum Equals:55
[11]Sum Equals:66
[12]Sum Equals:78
[13]Sum Equals:91
[14]Sum Equals:105
[15]Sum Equals:120
[16]Sum Equals:136
[17]Sum Equals:153
[18]Sum Equals:171
[19]Sum Equals:190
[20]Sum Equals:210
[21]Sum Equals:231
[22]Sum Equals:253
[23]Sum Equals:276
[24]Sum Equals:300
[25]Sum Equals:325
[26]Sum Equals:351
[27]Sum Equals:378
[28]Sum Equals:406
[29]Sum Equals:435
[30]Sum Equals:465
[31]Sum Equals:496
[32]Sum Equals:528
[33]Sum Equals:561
[34]Sum Equals:595
[35]Sum Equals:630
[36]Sum Equals:666
[37]Sum Equals:703
[38]Sum Equals:741
[39]Sum Equals:780
[40]Sum Equals:820
[41]Sum Equals:861
[42]Sum Equals:903
[43]Sum Equals:946
[44]Sum Equals:990
[45]Sum Equals:1035
[46]Sum Equals:1081
[47]Sum Equals:1128
[48]Sum Equals:1176
[49]Sum Equals:1225
[50]Sum Equals:1275
[51]Sum Equals:1326
[52]Sum Equals:1378
[53]Sum Equals:1431
[54]Sum Equals:1485
[55]Sum Equals:1540
[56]Sum Equals:1596
[57]Sum Equals:1653
[58]Sum Equals:1711
[59]Sum Equals:1770
[60]Sum Equals:1830
[61]Sum Equals:1891
[62]Sum Equals:1953
[63]Sum Equals:2016
[64]Sum Equals:2080
[65]Sum Equals:2145
[66]Sum Equals:2211
[67]Sum Equals:2278
[68]Sum Equals:2346
[69]Sum Equals:2415
[70]Sum Equals:2485
[71]Sum Equals:2556
[72]Sum Equals:2628
[73]Sum Equals:2701
[74]Sum Equals:2775
[75]Sum Equals:2850
[76]Sum Equals:2926
[77]Sum Equals:3003
[78]Sum Equals:3081
[79]Sum Equals:3160
[80]Sum Equals:3240
[81]Sum Equals:3321
[82]Sum Equals:3403
[83]Sum Equals:3486
[84]Sum Equals:3570
[85]Sum Equals:3655
[86]Sum Equals:3741
[87]Sum Equals:3828
[88]Sum Equals:3916
[89]Sum Equals:4005
[90]Sum Equals:4095
[91]Sum Equals:4186
[92]Sum Equals:4278
[93]Sum Equals:4371
[94]Sum Equals:4465
[95]Sum Equals:4560
[96]Sum Equals:4656
[97]Sum Equals:4753
[98]Sum Equals:4851
[99]Sum Equals:4950
[100]Sum Equals:5050
[101]Sum Equals:5151
[102]Sum Equals:5253
[103]Sum Equals:5356
[104]Sum Equals:5460
[105]Sum Equals:5565
[106]Sum Equals:5671
[107]Sum Equals:5778
[108]Sum Equals:5886
[109]Sum Equals:5995
[110]Sum Equals:6105
[111]Sum Equals:6216
[112]Sum Equals:6328
[113]Sum Equals:6441
[114]Sum Equals:6555
[115]Sum Equals:6670
[116]Sum Equals:6786
[117]Sum Equals:6903
[118]Sum Equals:7021
[119]Sum Equals:7140
[120]Sum Equals:7260
[121]Sum Equals:7381
[122]Sum Equals:7503
[123]Sum Equals:7626
[124]Sum Equals:7750
[125]Sum Equals:7875
[126]Sum Equals:8001
[127]Sum Equals:8128
[128]Sum Equals:8256
[129]Sum Equals:8385
[130]Sum Equals:8515
[131]Sum Equals:8646
[132]Sum Equals:8778
[133]Sum Equals:8911
[134]Sum Equals:9045
[135]Sum Equals:9180
[136]Sum Equals:9316
[137]Sum Equals:9453
[138]Sum Equals:9591
[139]Sum Equals:9730
[140]Sum Equals:9870
[141]Sum Equals:10011
[142]Sum Equals:10153
[143]Sum Equals:10296
[144]Sum Equals:10440
[145]Sum Equals:10585
[146]Sum Equals:10731
[147]Sum Equals:10878
[148]Sum Equals:11026
[149]Sum Equals:11175
[150]Sum Equals:11325
[151]Sum Equals:11476
[152]Sum Equals:11628
[153]Sum Equals:11781
[154]Sum Equals:11935
[155]Sum Equals:12090
[156]Sum Equals:12246
[157]Sum Equals:12403
[158]Sum Equals:12561
[159]Sum Equals:12720
[160]Sum Equals:12880
[161]Sum Equals:13041
[162]Sum Equals:13203
[163]Sum Equals:13366
[164]Sum Equals:13530
[165]Sum Equals:13695
[166]Sum Equals:13861
[167]Sum Equals:14028
[168]Sum Equals:14196
[169]Sum Equals:14365
[170]Sum Equals:14535
[171]Sum Equals:14706
[172]Sum Equals:14878
[173]Sum Equals:15051
[174]Sum Equals:15225
[175]Sum Equals:15400
[176]Sum Equals:15576
[177]Sum Equals:15753
[178]Sum Equals:15931
[179]Sum Equals:16110
[180]Sum Equals:16290
[181]Sum Equals:16471
[182]Sum Equals:16653
[183]Sum Equals:16836
[184]Sum Equals:17020
[185]Sum Equals:17205
[186]Sum Equals:17391
[187]Sum Equals:17578
[188]Sum Equals:17766
[189]Sum Equals:17955
[190]Sum Equals:18145
[191]Sum Equals:18336
[192]Sum Equals:18528
[193]Sum Equals:18721
[194]Sum Equals:18915
[195]Sum Equals:19110
[196]Sum Equals:19306
[197]Sum Equals:19503
[198]Sum Equals:19701
[199]Sum Equals:19900
[200]Sum Equals:20100
[201]Sum Equals:20301
[202]Sum Equals:20503
[203]Sum Equals:20706
[204]Sum Equals:20910
[205]Sum Equals:21115
[206]Sum Equals:21321
[207]Sum Equals:21528
[208]Sum Equals:21736
[209]Sum Equals:21945
[210]Sum Equals:22155
[211]Sum Equals:22366
[212]Sum Equals:22578
[213]Sum Equals:22791
[214]Sum Equals:23005
[215]Sum Equals:23220
[216]Sum Equals:23436
[217]Sum Equals:23653
[218]Sum Equals:23871
[219]Sum Equals:24090
[220]Sum Equals:24310
[221]Sum Equals:24531
[222]Sum Equals:24753
[223]Sum Equals:24976
[224]Sum Equals:25200
[225]Sum Equals:25425
[226]Sum Equals:25651
[227]Sum Equals:25878
[228]Sum Equals:26106
[229]Sum Equals:26335
[230]Sum Equals:26565
[231]Sum Equals:26796
[232]Sum Equals:27028
[233]Sum Equals:27261
[234]Sum Equals:27495
[235]Sum Equals:27730
[236]Sum Equals:27966
[237]Sum Equals:28203
[238]Sum Equals:28441
[239]Sum Equals:28680
[240]Sum Equals:28920
[241]Sum Equals:29161
[242]Sum Equals:29403
[243]Sum Equals:29646
[244]Sum Equals:29890
[245]Sum Equals:30135
[246]Sum Equals:30381
[247]Sum Equals:30628
[248]Sum Equals:30876
[249]Sum Equals:31125
[250]Sum Equals:31375
[251]Sum Equals:31626
[252]Sum Equals:31878
[253]Sum Equals:32131
[254]Sum Equals:32385
[255]Sum Equals:32640
[256]Sum Equals:32896
[257]Sum Equals:33153
[258]Sum Equals:33411
[259]Sum Equals:33670
[260]Sum Equals:33930
[261]Sum Equals:34191
[262]Sum Equals:34453
[263]Sum Equals:34716
[264]Sum Equals:34980
[265]Sum Equals:35245
[266]Sum Equals:35511
[267]Sum Equals:35778
[268]Sum Equals:36046
[269]Sum Equals:36315
[270]Sum Equals:36585
[271]Sum Equals:36856
[272]Sum Equals:37128
[273]Sum Equals:37401
[274]Sum Equals:37675
[275]Sum Equals:37950
[276]Sum Equals:38226
[277]Sum Equals:38503
[278]Sum Equals:38781
[279]Sum Equals:39060
[280]Sum Equals:39340
[281]Sum Equals:39621
[282]Sum Equals:39903
[283]Sum Equals:40186
[284]Sum Equals:40470
[285]Sum Equals:40755
[286]Sum Equals:41041
[287]Sum Equals:41328
[288]Sum Equals:41616
[289]Sum Equals:41905
[290]Sum Equals:42195
[291]Sum Equals:42486
[292]Sum Equals:42778
[293]Sum Equals:43071
[294]Sum Equals:43365
[295]Sum Equals:43660
[296]Sum Equals:43956
[297]Sum Equals:44253
[298]Sum Equals:44551
[299]Sum Equals:44850
[300]Sum Equals:45150
[301]Sum Equals:45451
[302]Sum Equals:45753
[303]Sum Equals:46056
[304]Sum Equals:46360
[305]Sum Equals:46665
[306]Sum Equals:46971
[307]Sum Equals:47278
[308]Sum Equals:47586
[309]Sum Equals:47895
[310]Sum Equals:48205
[311]Sum Equals:48516
[312]Sum Equals:48828
[313]Sum Equals:49141
[314]Sum Equals:49455
[315]Sum Equals:49770
[316]Sum Equals:50086
[317]Sum Equals:50403
[318]Sum Equals:50721
[319]Sum Equals:51040
[320]Sum Equals:51360
[321]Sum Equals:51681
[322]Sum Equals:52003
[323]Sum Equals:52326
[324]Sum Equals:52650
[325]Sum Equals:52975
[326]Sum Equals:53301
[327]Sum Equals:53628
[328]Sum Equals:53956
[329]Sum Equals:54285
[330]Sum Equals:54615
[331]Sum Equals:54946
[332]Sum Equals:55278
[333]Sum Equals:55611
[334]Sum Equals:55945
[335]Sum Equals:56280
[336]Sum Equals:56616
[337]Sum Equals:56953
[338]Sum Equals:57291
[339]Sum Equals:57630
[340]Sum Equals:57970
[341]Sum Equals:58311
[342]Sum Equals:58653
[343]Sum Equals:58996
[344]Sum Equals:59340
[345]Sum Equals:59685
[346]Sum Equals:60031
[347]Sum Equals:60378
[348]Sum Equals:60726
[349]Sum Equals:61075
[350]Sum Equals:61425
[351]Sum Equals:61776
[352]Sum Equals:62128
[353]Sum Equals:62481
[354]Sum Equals:62835
[355]Sum Equals:63190
[356]Sum Equals:63546
[357]Sum Equals:63903
[358]Sum Equals:64261
[359]Sum Equals:64620
[360]Sum Equals:64980
[361]Sum Equals:65341
[362]Sum Equals:65703
[363]Sum Equals:66066
[364]Sum Equals:66430
[365]Sum Equals:66795
[366]Sum Equals:67161
[367]Sum Equals:67528
[368]Sum Equals:67896
[369]Sum Equals:68265
[370]Sum Equals:68635
[371]Sum Equals:69006
[372]Sum Equals:69378
[373]Sum Equals:69751
[374]Sum Equals:70125
[375]Sum Equals:70500
[376]Sum Equals:70876
[377]Sum Equals:71253
[378]Sum Equals:71631
[379]Sum Equals:72010
[380]Sum Equals:72390
[381]Sum Equals:72771
[382]Sum Equals:73153
[383]Sum Equals:73536
[384]Sum Equals:73920
[385]Sum Equals:74305
[386]Sum Equals:74691
[387]Sum Equals:75078
[388]Sum Equals:75466
[389]Sum Equals:75855
[390]Sum Equals:76245
[391]Sum Equals:76636
[392]Sum Equals:77028
[393]Sum Equals:77421
[394]Sum Equals:77815
[395]Sum Equals:78210
[396]Sum Equals:78606
[397]Sum Equals:79003
[398]Sum Equals:79401
[399]Sum Equals:79800
[400]Sum Equals:80200
[401]Sum Equals:80601
[402]Sum Equals:81003
[403]Sum Equals:81406
[404]Sum Equals:81810
[405]Sum Equals:82215
[406]Sum Equals:82621
[407]Sum Equals:83028
[408]Sum Equals:83436
[409]Sum Equals:83845
[410]Sum Equals:84255
[411]Sum Equals:84666
[412]Sum Equals:85078
[413]Sum Equals:85491
[414]Sum Equals:85905
[415]Sum Equals:86320
[416]Sum Equals:86736
[417]Sum Equals:87153
[418]Sum Equals:87571
[419]Sum Equals:87990
[420]Sum Equals:88410
[421]Sum Equals:88831
[422]Sum Equals:89253
[423]Sum Equals:89676
[424]Sum Equals:90100
[425]Sum Equals:90525
[426]Sum Equals:90951
[427]Sum Equals:91378
[428]Sum Equals:91806
[429]Sum Equals:92235
[430]Sum Equals:92665
[431]Sum Equals:93096
[432]Sum Equals:93528
[433]Sum Equals:93961
[434]Sum Equals:94395
[435]Sum Equals:94830
[436]Sum Equals:95266
[437]Sum Equals:95703
[438]Sum Equals:96141
[439]Sum Equals:96580
[440]Sum Equals:97020
[441]Sum Equals:97461
[442]Sum Equals:97903
[443]Sum Equals:98346
[444]Sum Equals:98790
[445]Sum Equals:99235
[446]Sum Equals:99681
[447]Sum Equals:100128
[448]Sum Equals:100576
[449]Sum Equals:101025
[450]Sum Equals:101475
[451]Sum Equals:101926
[452]Sum Equals:102378
[453]Sum Equals:102831
[454]Sum Equals:103285
[455]Sum Equals:103740
[456]Sum Equals:104196
[457]Sum Equals:104653
[458]Sum Equals:105111
[459]Sum Equals:105570
[460]Sum Equals:106030
[461]Sum Equals:106491
[462]Sum Equals:106953
[463]Sum Equals:107416
[464]Sum Equals:107880
[465]Sum Equals:108345
[466]Sum Equals:108811
[467]Sum Equals:109278
[468]Sum Equals:109746
[469]Sum Equals:110215
[470]Sum Equals:110685
[471]Sum Equals:111156
[472]Sum Equals:111628
[473]Sum Equals:112101
[474]Sum Equals:112575
[475]Sum Equals:113050
[476]Sum Equals:113526
[477]Sum Equals:114003
[478]Sum Equals:114481
[479]Sum Equals:114960
[480]Sum Equals:115440
[481]Sum Equals:115921
[482]Sum Equals:116403
[483]Sum Equals:116886
[484]Sum Equals:117370
[485]Sum Equals:117855
[486]Sum Equals:118341
[487]Sum Equals:118828
[488]Sum Equals:119316
[489]Sum Equals:119805
[490]Sum Equals:120295
[491]Sum Equals:120786
[492]Sum Equals:121278
[493]Sum Equals:121771
[494]Sum Equals:122265
[495]Sum Equals:122760
[496]Sum Equals:123256
[497]Sum Equals:123753
[498]Sum Equals:124251
[499]Sum Equals:124750
[500]Sum Equals:125250
[501]Sum Equals:125751
[502]Sum Equals:126253
[503]Sum Equals:126756
[504]Sum Equals:127260
[505]Sum Equals:127765
[506]Sum Equals:128271
[507]Sum Equals:128778
[508]Sum Equals:129286
[509]Sum Equals:129795
[510]Sum Equals:130305
[511]Sum Equals:130816
[512]Sum Equals:131328
[513]Sum Equals:131841
[514]Sum Equals:132355
[515]Sum Equals:132870
[516]Sum Equals:133386
[517]Sum Equals:133903
[518]Sum Equals:134421
[519]Sum Equals:134940
[520]Sum Equals:135460
[521]Sum Equals:135981
[522]Sum Equals:136503
[523]Sum Equals:137026
[524]Sum Equals:137550
[525]Sum Equals:138075
[526]Sum Equals:138601
[527]Sum Equals:139128
[528]Sum Equals:139656
[529]Sum Equals:140185
[530]Sum Equals:140715
[531]Sum Equals:141246
[532]Sum Equals:141778
[533]Sum Equals:142311
[534]Sum Equals:142845
[535]Sum Equals:143380
[536]Sum Equals:143916
[537]Sum Equals:144453
[538]Sum Equals:144991
[539]Sum Equals:145530
[540]Sum Equals:146070
[541]Sum Equals:146611
[542]Sum Equals:147153
[543]Sum Equals:147696
[544]Sum Equals:148240
[545]Sum Equals:148785
[546]Sum Equals:149331
[547]Sum Equals:149878
[548]Sum Equals:150426
[549]Sum Equals:150975
[550]Sum Equals:151525
[551]Sum Equals:152076
[552]Sum Equals:152628
[553]Sum Equals:153181
[554]Sum Equals:153735
[555]Sum Equals:154290
[556]Sum Equals:154846
[557]Sum Equals:155403
[558]Sum Equals:155961
[559]Sum Equals:156520
[560]Sum Equals:157080
[561]Sum Equals:157641
[562]Sum Equals:158203
[563]Sum Equals:158766
[564]Sum Equals:159330
[565]Sum Equals:159895
[566]Sum Equals:160461
[567]Sum Equals:161028
[568]Sum Equals:161596
[569]Sum Equals:162165
[570]Sum Equals:162735
[571]Sum Equals:163306
[572]Sum Equals:163878
[573]Sum Equals:164451
[574]Sum Equals:165025
[575]Sum Equals:165600
[576]Sum Equals:166176
[577]Sum Equals:166753
[578]Sum Equals:167331
[579]Sum Equals:167910
[580]Sum Equals:168490
[581]Sum Equals:169071
[582]Sum Equals:169653
[583]Sum Equals:170236
[584]Sum Equals:170820
[585]Sum Equals:171405
[586]Sum Equals:171991
[587]Sum Equals:172578
[588]Sum Equals:173166
[589]Sum Equals:173755
[590]Sum Equals:174345
[591]Sum Equals:174936
[592]Sum Equals:175528
[593]Sum Equals:176121
[594]Sum Equals:176715
[595]Sum Equals:177310
[596]Sum Equals:177906
[597]Sum Equals:178503
[598]Sum Equals:179101
[599]Sum Equals:179700
[600]Sum Equals:180300
[601]Sum Equals:180901
[602]Sum Equals:181503
[603]Sum Equals:182106
[604]Sum Equals:182710
[605]Sum Equals:183315
[606]Sum Equals:183921
[607]Sum Equals:184528
[608]Sum Equals:185136
[609]Sum Equals:185745
[610]Sum Equals:186355
[611]Sum Equals:186966
[612]Sum Equals:187578
[613]Sum Equals:188191
[614]Sum Equals:188805
[615]Sum Equals:189420
[616]Sum Equals:190036
[617]Sum Equals:190653
[618]Sum Equals:191271
[619]Sum Equals:191890
[620]Sum Equals:192510
[621]Sum Equals:193131
[622]Sum Equals:193753
[623]Sum Equals:194376
[624]Sum Equals:195000
[625]Sum Equals:195625
[626]Sum Equals:196251
[627]Sum Equals:196878
[628]Sum Equals:197506
[629]Sum Equals:198135
[630]Sum Equals:198765
[631]Sum Equals:199396
[632]Sum Equals:200028
[633]Sum Equals:200661
[634]Sum Equals:201295
[635]Sum Equals:201930
[636]Sum Equals:202566
[637]Sum Equals:203203
[638]Sum Equals:203841
[639]Sum Equals:204480
[640]Sum Equals:205120
[641]Sum Equals:205761
[642]Sum Equals:206403
[643]Sum Equals:207046
[644]Sum Equals:207690
[645]Sum Equals:208335
[646]Sum Equals:208981
[647]Sum Equals:209628
[648]Sum Equals:210276
[649]Sum Equals:210925
[650]Sum Equals:211575
[651]Sum Equals:212226
[652]Sum Equals:212878
[653]Sum Equals:213531
[654]Sum Equals:214185
[655]Sum Equals:214840
[656]Sum Equals:215496
[657]Sum Equals:216153
[658]Sum Equals:216811
[659]Sum Equals:217470
[660]Sum Equals:218130
[661]Sum Equals:218791
[662]Sum Equals:219453
[663]Sum Equals:220116
[664]Sum Equals:220780
[665]Sum Equals:221445
[666]Sum Equals:222111
[667]Sum Equals:222778
[668]Sum Equals:223446
[669]Sum Equals:224115
[670]Sum Equals:224785
[671]Sum Equals:225456
[672]Sum Equals:226128
[673]Sum Equals:226801
[674]Sum Equals:227475
[675]Sum Equals:228150
[676]Sum Equals:228826
[677]Sum Equals:229503
[678]Sum Equals:230181
[679]Sum Equals:230860
[680]Sum Equals:231540
[681]Sum Equals:232221
[682]Sum Equals:232903
[683]Sum Equals:233586
[684]Sum Equals:234270
[685]Sum Equals:234955
[686]Sum Equals:235641
[687]Sum Equals:236328
[688]Sum Equals:237016
[689]Sum Equals:237705
[690]Sum Equals:238395
[691]Sum Equals:239086
[692]Sum Equals:239778
[693]Sum Equals:240471
[694]Sum Equals:241165
[695]Sum Equals:241860
[696]Sum Equals:242556
[697]Sum Equals:243253
[698]Sum Equals:243951
[699]Sum Equals:244650
[700]Sum Equals:245350
[701]Sum Equals:246051
[702]Sum Equals:246753
[703]Sum Equals:247456
[704]Sum Equals:248160
[705]Sum Equals:248865
[706]Sum Equals:249571
[707]Sum Equals:250278
[708]Sum Equals:250986
[709]Sum Equals:251695
[710]Sum Equals:252405
[711]Sum Equals:253116
[712]Sum Equals:253828
[713]Sum Equals:254541
[714]Sum Equals:255255
[715]Sum Equals:255970
[716]Sum Equals:256686
[717]Sum Equals:257403
[718]Sum Equals:258121
[719]Sum Equals:258840
[720]Sum Equals:259560
[721]Sum Equals:260281
[722]Sum Equals:261003
[723]Sum Equals:261726
[724]Sum Equals:262450
[725]Sum Equals:263175
[726]Sum Equals:263901
[727]Sum Equals:264628
[728]Sum Equals:265356
[729]Sum Equals:266085
[730]Sum Equals:266815
[731]Sum Equals:267546
[732]Sum Equals:268278
[733]Sum Equals:269011
[734]Sum Equals:269745
[735]Sum Equals:270480
[736]Sum Equals:271216
[737]Sum Equals:271953
[738]Sum Equals:272691
[739]Sum Equals:273430
[740]Sum Equals:274170
[741]Sum Equals:274911
[742]Sum Equals:275653
[743]Sum Equals:276396
[744]Sum Equals:277140
[745]Sum Equals:277885
[746]Sum Equals:278631
[747]Sum Equals:279378
[748]Sum Equals:280126
[749]Sum Equals:280875
[750]Sum Equals:281625
[751]Sum Equals:282376
[752]Sum Equals:283128
[753]Sum Equals:283881
[754]Sum Equals:284635
[755]Sum Equals:285390
[756]Sum Equals:286146
[757]Sum Equals:286903
[758]Sum Equals:287661
[759]Sum Equals:288420
[760]Sum Equals:289180
[761]Sum Equals:289941
[762]Sum Equals:290703
[763]Sum Equals:291466
[764]Sum Equals:292230
[765]Sum Equals:292995
[766]Sum Equals:293761
[767]Sum Equals:294528
[768]Sum Equals:295296
[769]Sum Equals:296065
[770]Sum Equals:296835
[771]Sum Equals:297606
[772]Sum Equals:298378
[773]Sum Equals:299151
[774]Sum Equals:299925
[775]Sum Equals:300700
[776]Sum Equals:301476
[777]Sum Equals:302253
[778]Sum Equals:303031
[779]Sum Equals:303810
[780]Sum Equals:304590
[781]Sum Equals:305371
[782]Sum Equals:306153
[783]Sum Equals:306936
[784]Sum Equals:307720
[785]Sum Equals:308505
[786]Sum Equals:309291
[787]Sum Equals:310078
[788]Sum Equals:310866
[789]Sum Equals:311655
[790]Sum Equals:312445
[791]Sum Equals:313236
[792]Sum Equals:314028
[793]Sum Equals:314821
[794]Sum Equals:315615
[795]Sum Equals:316410
[796]Sum Equals:317206
[797]Sum Equals:318003
[798]Sum Equals:318801
[799]Sum Equals:319600
[800]Sum Equals:320400
[801]Sum Equals:321201
[802]Sum Equals:322003
[803]Sum Equals:322806
[804]Sum Equals:323610
[805]Sum Equals:324415
[806]Sum Equals:325221
[807]Sum Equals:326028
[808]Sum Equals:326836
[809]Sum Equals:327645
[810]Sum Equals:328455
[811]Sum Equals:329266
[812]Sum Equals:330078
[813]Sum Equals:330891
[814]Sum Equals:331705
[815]Sum Equals:332520
[816]Sum Equals:333336
[817]Sum Equals:334153
[818]Sum Equals:334971
[819]Sum Equals:335790
[820]Sum Equals:336610
[821]Sum Equals:337431
[822]Sum Equals:338253
[823]Sum Equals:339076
[824]Sum Equals:339900
[825]Sum Equals:340725
[826]Sum Equals:341551
[827]Sum Equals:342378
[828]Sum Equals:343206
[829]Sum Equals:344035
[830]Sum Equals:344865
[831]Sum Equals:345696
[832]Sum Equals:346528
[833]Sum Equals:347361
[834]Sum Equals:348195
[835]Sum Equals:349030
[836]Sum Equals:349866
[837]Sum Equals:350703
[838]Sum Equals:351541
[839]Sum Equals:352380
[840]Sum Equals:353220
[841]Sum Equals:354061
[842]Sum Equals:354903
[843]Sum Equals:355746
[844]Sum Equals:356590
[845]Sum Equals:357435
[846]Sum Equals:358281
[847]Sum Equals:359128
[848]Sum Equals:359976
[849]Sum Equals:360825
[850]Sum Equals:361675
[851]Sum Equals:362526
[852]Sum Equals:363378
[853]Sum Equals:364231
[854]Sum Equals:365085
[855]Sum Equals:365940
[856]Sum Equals:366796
[857]Sum Equals:367653
[858]Sum Equals:368511
[859]Sum Equals:369370
[860]Sum Equals:370230
[861]Sum Equals:371091
[862]Sum Equals:371953
[863]Sum Equals:372816
[864]Sum Equals:373680
[865]Sum Equals:374545
[866]Sum Equals:375411
[867]Sum Equals:376278
[868]Sum Equals:377146
[869]Sum Equals:378015
[870]Sum Equals:378885
[871]Sum Equals:379756
[872]Sum Equals:380628
[873]Sum Equals:381501
[874]Sum Equals:382375
[875]Sum Equals:383250
[876]Sum Equals:384126
[877]Sum Equals:385003
[878]Sum Equals:385881
[879]Sum Equals:386760
[880]Sum Equals:387640
[881]Sum Equals:388521
[882]Sum Equals:389403
[883]Sum Equals:390286
[884]Sum Equals:391170
[885]Sum Equals:392055
[886]Sum Equals:392941
[887]Sum Equals:393828
[888]Sum Equals:394716
[889]Sum Equals:395605
[890]Sum Equals:396495
[891]Sum Equals:397386
[892]Sum Equals:398278
[893]Sum Equals:399171
[894]Sum Equals:400065
[895]Sum Equals:400960
[896]Sum Equals:401856
[897]Sum Equals:402753
[898]Sum Equals:403651
[899]Sum Equals:404550
[900]Sum Equals:405450
[901]Sum Equals:406351
[902]Sum Equals:407253
[903]Sum Equals:408156
[904]Sum Equals:409060
[905]Sum Equals:409965
[906]Sum Equals:410871
[907]Sum Equals:411778
[908]Sum Equals:412686
[909]Sum Equals:413595
[910]Sum Equals:414505
[911]Sum Equals:415416
[912]Sum Equals:416328
[913]Sum Equals:417241
[914]Sum Equals:418155
[915]Sum Equals:419070
[916]Sum Equals:419986
[917]Sum Equals:420903
[918]Sum Equals:421821
[919]Sum Equals:422740
[920]Sum Equals:423660
[921]Sum Equals:424581
[922]Sum Equals:425503
[923]Sum Equals:426426
[924]Sum Equals:427350
[925]Sum Equals:428275
[926]Sum Equals:429201
[927]Sum Equals:430128
[928]Sum Equals:431056
[929]Sum Equals:431985
[930]Sum Equals:432915
[931]Sum Equals:433846
[932]Sum Equals:434778
[933]Sum Equals:435711
[934]Sum Equals:436645
[935]Sum Equals:437580
[936]Sum Equals:438516
[937]Sum Equals:439453
[938]Sum Equals:440391
[939]Sum Equals:441330
[940]Sum Equals:442270
[941]Sum Equals:443211
[942]Sum Equals:444153
[943]Sum Equals:445096
[944]Sum Equals:446040
[945]Sum Equals:446985
[946]Sum Equals:447931
[947]Sum Equals:448878
[948]Sum Equals:449826
[949]Sum Equals:450775
]]></system-out>
  <system-err><![CDATA[]]></system-err>
</testsuite>
