<?xml version="1.0" encoding="UTF-8"?>
<testsuite name="com.kodilla.testing.library.BookDirectoryTestSuite" tests="6" skipped="0" failures="0" errors="0"
           timestamp="2019-05-01T13:41:51" hostname="xMarcel99" time="0.014">
    <properties/>
    <testcase name="testListBooksInHandsOfIfFiveBookInHands"
              classname="com.kodilla.testing.library.BookDirectoryTestSuite" time="0.007"/>
    <testcase name="testListBooksWithConditionFragmentShorterThan3"
              classname="com.kodilla.testing.library.BookDirectoryTestSuite" time="0.004"/>
    <testcase name="testListBooksInHandsOfIfAnyBookInHand"
              classname="com.kodilla.testing.library.BookDirectoryTestSuite" time="0.001"/>
    <testcase name="testListBooksWithConditionMoreThan20" classname="com.kodilla.testing.library.BookDirectoryTestSuite"
              time="0.001"/>
    <testcase name="testListBooksWithConditionsReturnList"
              classname="com.kodilla.testing.library.BookDirectoryTestSuite" time="0.001"/>
    <testcase name="testListBooksInHandsOfIfOneBookInHands"
              classname="com.kodilla.testing.library.BookDirectoryTestSuite" time="0.0"/>
    <system-out><![CDATA[]]></system-out>
    <system-err><![CDATA[]]></system-err>
</testsuite>
