<?xml version="1.0" encoding="UTF-8"?>
<testsuite name="com.kodilla.spring.intro.shape.DrawerTestSuite" tests="1" skipped="0" failures="0" errors="0" timestamp="2019-05-13T12:08:28" hostname="xMarcel99" time="0.005">
  <properties/>
  <testcase name="testDoDrawing" classname="com.kodilla.spring.intro.shape.DrawerTestSuite" time="0.005"/>
  <system-out><![CDATA[This is a circle
This is a triangle
]]></system-out>
  <system-err><![CDATA[]]></system-err>
</testsuite>
