<?xml version="1.0" encoding="UTF-8"?>
<testsuite name="DbManagerTestSuite" tests="1" skipped="0" failures="0" errors="0" timestamp="2019-06-03T08:07:50" hostname="xMarcel99" time="4.182">
  <properties/>
  <testcase name="testSelectUsers" classname="DbManagerTestSuite" time="4.182"/>
  <system-out><![CDATA[1, John, Smith
2, Zachary, Lee
3, Stephanie, Kovalsky
4, Thomas, Landgren
5, John, Thomson
]]></system-out>
  <system-err><![CDATA[]]></system-err>
</testsuite>
