<?xml version="1.0" encoding="UTF-8"?>
<testsuite name="DbManagerTestSuite" tests="1" skipped="0" failures="0" errors="0" timestamp="2019-05-27T09:13:23" hostname="xMarcel99" time="1.283">
  <properties/>
  <testcase name="testSelectUsersAndPosts" classname="DbManagerTestSuite" time="1.283"/>
  <system-out><![CDATA[Humans with more or equals 2 post :
John, Smith
]]></system-out>
  <system-err><![CDATA[]]></system-err>
</testsuite>
